C51 COMPILER V9.01   MAIN                                                                  07/19/2012 21:10:01 PAGE 1   


C51 COMPILER V9.01, COMPILATION OF MODULE MAIN
OBJECT MODULE PLACED IN main.OBJ
COMPILER INVOKED BY: C:\Keil\C51\BIN\C51.EXE main.c BROWSE DEBUG OBJECTEXTEND

line level    source

   1          #include"lcd1602.h"
   2          
   3          sbit light=P1^7;
   4          
   5          void main()
   6          {
   7   1      LCD_Init();
   8   1      LCD_Write_String(0,0,"Light counter");
   9   1      light=0;
  10   1      while(1)
  11   1      {
  12   2      if (light)
  13   2              LCD_Write_Char(0,1,'1');
  14   2      else 
  15   2              LCD_Write_Char(0,1,'0');                        
  16   2      }
  17   1      
  18   1      
  19   1      }


MODULE INFORMATION:   STATIC OVERLAYABLE
   CODE SIZE        =    774    ----
   CONSTANT SIZE    =     14    ----
   XDATA SIZE       =   ----    ----
   PDATA SIZE       =   ----    ----
   DATA SIZE        =      2      41
   IDATA SIZE       =   ----    ----
   BIT SIZE         =   ----    ----
END OF MODULE INFORMATION.


C51 COMPILATION COMPLETE.  0 WARNING(S),  0 ERROR(S)
