C51 COMPILER V9.01   MAIN                                                                  07/04/2012 17:27:57 PAGE 1   


C51 COMPILER V9.01, COMPILATION OF MODULE MAIN
OBJECT MODULE PLACED IN main.OBJ
COMPILER INVOKED BY: C:\Keil\C51\BIN\C51.EXE main.c BROWSE DEBUG OBJECTEXTEND

line level    source

   1          #include"lcd1602.h"
   2          #include"ds18b20.h"
   3          float Temp_Digi()
   4          {
   5   1      unsigned char *tempp;
   6   1      unsigned char temp_LS,temp_MS;
   7   1      float temp=1;
   8   1      tempp=ReadTemperature(TEMPHIGH,TEMPLOW,0x3f);
   9   1      temp_LS=*tempp;
  10   1      temp_MS=*(tempp+1);
  11   1      temp=temp_LS/16+(temp_MS&0x07)*16+(float)(temp_LS%16)/16 ;
  12   1      return temp;
  13   1      }
  14          
  15          
  16          
  17          void main()
  18          {
  19   1      char loop;
  20   1      LCD_Init();
  21   1      LCD_Write_String(0,0,"temp:");
  22   1      while (1)
  23   1              {       
  24   2                      float t=Temp_Digi();
  25   2                      LCD_Write_Float(5,0,t,2);
  26   2                      LCD_Write_String(5+intlength(t)+1,0,"C  ");
  27   2                      DelayMs(255);           
  28   2              }
  29   1      }
*** WARNING C280 IN LINE 19 OF MAIN.C: 'loop': unreferenced local variable


MODULE INFORMATION:   STATIC OVERLAYABLE
   CODE SIZE        =   1068    ----
   CONSTANT SIZE    =     10    ----
   XDATA SIZE       =   ----    ----
   PDATA SIZE       =   ----    ----
   DATA SIZE        =      4      51
   IDATA SIZE       =   ----    ----
   BIT SIZE         =   ----    ----
END OF MODULE INFORMATION.


C51 COMPILATION COMPLETE.  1 WARNING(S),  0 ERROR(S)
