C51 COMPILER V9.01   MAIN                                                                  07/03/2012 16:26:10 PAGE 1   


C51 COMPILER V9.01, COMPILATION OF MODULE MAIN
OBJECT MODULE PLACED IN main.OBJ
COMPILER INVOKED BY: C:\Keil\C51\BIN\C51.EXE main.c BROWSE DEBUG OBJECTEXTEND

line level    source

   1          #include "lcd1602.h"
   2          //#include "key.h"
   3          
   4          
   5          void main()
   6          {
   7   1      LCD_Init();
   8   1      LCD_Write_String(0,0,"hello 164");
   9   1      while(1)
  10   1      {
  11   2      //Transfer(0xff);
  12   2      //char k=waitkey();
  13   2      //LCD_Write_Char(1,1,k);
  14   2      }
  15   1      
  16   1      
  17   1      }


MODULE INFORMATION:   STATIC OVERLAYABLE
   CODE SIZE        =    716    ----
   CONSTANT SIZE    =     10    ----
   XDATA SIZE       =   ----    ----
   PDATA SIZE       =   ----    ----
   DATA SIZE        =      2      41
   IDATA SIZE       =   ----    ----
   BIT SIZE         =   ----    ----
END OF MODULE INFORMATION.


C51 COMPILATION COMPLETE.  0 WARNING(S),  0 ERROR(S)
