C51 COMPILER V9.01   MAIN                                                                  06/27/2012 15:32:17 PAGE 1   


C51 COMPILER V9.01, COMPILATION OF MODULE MAIN
OBJECT MODULE PLACED IN .\main.obj
COMPILER INVOKED BY: C:\Keil\C51\BIN\C51.EXE ..\main.c BROWSE DEBUG OBJECTEXTEND OBJECT(.\main.obj)

line level    source

   1          //#include <reg52.h>     //包括一个 52 标准内核的头文件
   2          #include <AT89X51.H>
   3          const unsigned int INT11=63441;
   4          #define KEY P2
   5          #define LCD_DATA P1
   6          #define LCD_E P3_5
   7          #define LCD_RW P3_6
   8          #define LCD_RS P3_7
   9          const char KEYIN[4]={0xfe,0xfd,0xfb,0xf7};
  10          const char KEYOUT[4]={0xe0,0xd0,0xb0,0x70};
  11          unsigned char j,k;
  12          void delay(unsigned char i)
  13          {
  14   1      for(j=i;j>0;j--)
  15   1              for(k=125;k>0;k--)
  16   1              {}
  17   1      }
  18          
  19          
  20          void ti0() interrupt 1
  21          {
  22   1              TH0=0xF7;        //set init 65536-60000
  23   1              TL0=0xD1;        //set init     65536-60000
  24   1              P1_0=!P1_0;
  25   1      }
  26          
  27          
  28          void key16() interrupt 0
  29          {
  30   1              P1_0=!P1_0;
  31   1              delay();
*** WARNING C209 IN LINE 31 OF ..\MAIN.C: '_delay': too few actual parameters
  32   1      }
  33          
  34          
  35          void setuptimer()
  36          {
  37   1              ET0=0;
  38   1              TMOD=1; //16bit counter
  39   1              TH0=0xF7;        //set init 65536-60000
  40   1              TL0=0xD1;        //set init     65536-60000
  41   1              //T0=INT11;
  42   1              TR0=1; //start counter
  43   1              //TF0==1 count finished
  44   1              EA=1; //enable all interrupt 
  45   1              ET0=1; //enable timer0 interrupt
  46   1              //EX0=1;//enable external0 interrupt 
  47   1      }
  48          
  49          void setupOI()//out interrupt
  50          {
  51   1              EA=1;
  52   1              EX0=1;
  53   1              IT0=1;//下沿触发
  54   1      
C51 COMPILER V9.01   MAIN                                                                  06/27/2012 15:32:17 PAGE 2   

  55   1      }
  56          
  57          void show()
  58          {
  59   1              P1_0=!P1_0;
  60   1      }
  61          
  62          void lcd_wc(unsigned char command)//write command
  63          {
  64   1      LCD_DATA=command;
  65   1      LCD_RS=0;
  66   1      LCD_RW=0;
  67   1      LCD_E=0;
  68   1      delay(5);
  69   1      LCD_E=1;
  70   1      }
  71          
  72          void lcd_wd(unsigned char lcddata)//write data
  73          {
  74   1      LCD_DATA=lcddata;
  75   1      LCD_RS=1;
  76   1      LCD_RW=0;
  77   1      LCD_E=0;
  78   1      delay(5);
  79   1      LCD_E=1;
  80   1      }
  81          
  82          
  83          void lcd_init()
  84          {
  85   1      lcd_wc(0x38);//start to show
  86   1      lcd_wc(0x0f);//show,cursor,twinkle
  87   1      lcd_wc(0x07);//from left to right and move screen
  88   1      lcd_wc(0x02);//set the cursor to 0,0
  89   1      
  90   1      }
  91          
  92          void lcd_clear()
  93          {
  94   1      lcd_wc(0x01);
  95   1      }
  96          
  97          
  98          
  99          
 100          unsigned char t,m,temp;
 101          void main()
 102          {
 103   1              P1=0;   
 104   1              //setupOI();
 105   1              //setup timer
 106   1              lcd_clear();
 107   1              lcd_init();
 108   1      
 109   1      
 110   1              
 111   1              while (1)
 112   1              {
 113   2              lcd_wd('a');
 114   2              for (t=0;t<4;t++)
 115   2              {
 116   3                      KEY=KEYIN[t];
C51 COMPILER V9.01   MAIN                                                                  06/27/2012 15:32:17 PAGE 3   

 117   3                      temp=KEY;
 118   3                      temp=temp & 0xf0;//& f :stay, & 0 :clear
 119   3                      if (temp!=0xf0)
 120   3                      {
 121   4                      delay(10);
 122   4                      if (temp!=0xf0)
 123   4                              {
 124   5                              delay(10);
 125   5                              //if (temp!=0xf0)
 126   5                              for (m=0;m<4;m++)
 127   5                                      if (temp==KEYOUT[m])    
 128   5                                              {
 129   6                                              //show();
 130   6                                              break;
 131   6                                              //coordinate t,m
 132   6                                              }
 133   5                              }
 134   4                      }
 135   3              }//for                          
 136   2              }//while
 137   1      }


MODULE INFORMATION:   STATIC OVERLAYABLE
   CODE SIZE        =    204    ----
   CONSTANT SIZE    =   ----    ----
   XDATA SIZE       =   ----    ----
   PDATA SIZE       =   ----    ----
   DATA SIZE        =     15    ----
   IDATA SIZE       =   ----    ----
   BIT SIZE         =   ----    ----
END OF MODULE INFORMATION.


C51 COMPILATION COMPLETE.  1 WARNING(S),  0 ERROR(S)
