C51 COMPILER V9.01   MAIN                                                                  07/05/2012 14:42:41 PAGE 1   


C51 COMPILER V9.01, COMPILATION OF MODULE MAIN
OBJECT MODULE PLACED IN main.OBJ
COMPILER INVOKED BY: C:\Keil\C51\BIN\C51.EXE main.c BROWSE DEBUG OBJECTEXTEND

line level    source

   1          /******************************************
   2          程序功能：通过PC端的串口调试工具，从PC端发出一个十六进制的数，
   3                    通过串口传输到单片机，并有单片机通过
   4                    LED数码管显示出来，而且单片机又将
   5                    这个数发回PC端，并在PC端显示出来，从而
   6                            实现单片机与PC机的通讯
   7          *****************************************/
   8          #include <reg52.h>
   9          #include "lcd1602.h"
  10          unsigned char date;
  11          //***********************************************************
  12          
  13          //                     延时子程序
  14          
  15          //************************************************************
  16          void delay1ms()
  17          {
  18   1       unsigned int i;
  19   1       for(i=40024;i>0;i--);  //延时124*8+10=1002us
  20   1      }
  21          
  22          //***********************************************************
  23          
  24          //显示函数，显示四位的date数据
  25          
  26          //P2口接段码，P1.0-P1.3接位选
  27          
  28          //************************************************************
  29          
  30          void LED_display() 
  31          {
  32   1       P0=0x00;P1=0x00;P2=0x00;P3=0x00;    
  33   1       delay1ms();
  34   1       P0=0xff; P1=0xff; P2=0xff; P3=0xff;        
  35   1       delay1ms();
  36   1      
  37   1      }
  38          
  39          //******************************
  40          
  41          //*****串口初始化函数***********
  42          
  43          //******************************
  44          void Initial_com()
  45          {
  46   1       EA=1;        //开总中断
  47   1       ES=1;        //允许串口中断
  48   1       ET1=1;       //允许定时器T1的中断
  49   1       TMOD=0x20;   //定时器T1，在方式2中断产生波特率
  50   1       PCON=0x00;   //SMOD=0
  51   1       SCON=0x50;   // 方式1 由定时器控制
  52   1       TH1=0xfd;    //波特率设置为9600
  53   1       TL1=0xfd;
  54   1       TR1=1;       //开定时器T1运行控制位
  55   1      }
C51 COMPILER V9.01   MAIN                                                                  07/05/2012 14:42:41 PAGE 2   

  56          
  57          
  58          
  59          
  60          //*************************
  61          //**********主函数*********
  62          //*************************
  63          void main()
  64          {
  65   1               Initial_com();
  66   1               LCD_Init();
  67   1               LCD_Write_String(0,0,"Serial:p");
  68   1               while(1)
  69   1               {
  70   2                       SBUF=0xff;
  71   2                       delay1ms();
  72   2                       SBUF=0xdd;
  73   2                       delay1ms();
  74   2                        if(RI)
  75   2                        {
  76   3                                 date=SBUF;    //单片机接受
  77   3                                 SBUF=date;    //单片机发送
  78   3                                 LCD_Write_HEX(0,1,date);
  79   3                                 RI=0;
  80   3                        }             
  81   2                        //LED_display();
  82   2                }
  83   1      }


MODULE INFORMATION:   STATIC OVERLAYABLE
   CODE SIZE        =    829    ----
   CONSTANT SIZE    =      9    ----
   XDATA SIZE       =   ----    ----
   PDATA SIZE       =   ----    ----
   DATA SIZE        =      3      41
   IDATA SIZE       =   ----    ----
   BIT SIZE         =   ----    ----
END OF MODULE INFORMATION.


C51 COMPILATION COMPLETE.  0 WARNING(S),  0 ERROR(S)
