C51 COMPILER V9.01   MAIN                                                                  08/01/2012 19:16:59 PAGE 1   


C51 COMPILER V9.01, COMPILATION OF MODULE MAIN
OBJECT MODULE PLACED IN main.OBJ
COMPILER INVOKED BY: C:\Keil\C51\BIN\C51.EXE main.c BROWSE DEBUG OBJECTEXTEND

line level    source

   1          #include"lcd1602.h"
   2          
   3          #include"uart.h"
   4          
   5          unsigned char Mind_DATA[50];
   6          char Mind_COUNT;
   7          
   8          
   9          bit Mind_Init()
  10          {
  11   1      UART_SendByte(0x00);
  12   1      Mind_COUNT=0;
  13   1      return 1;
  14   1      }
  15          
  16          
  17          void Mind_Process()
  18          {
  19   1      unsigned char recv,prev=0x00;;
  20   1      while(1)
  21   1              {
  22   2              if (RI)
  23   2                      {
  24   3                      recv=UART_Get();
  25   3                      Mind_DATA[Mind_COUNT]=recv;
  26   3                      Mind_COUNT++;
  27   3                      if (recv==0xaa && prev==0xaa)
  28   3                              {
  29   4                              Mind_COUNT=0;
  30   4                              break;
  31   4                              }
  32   3                      prev=recv;      
  33   3                      }       
  34   2              }
  35   1      }
  36          
  37          
  38          
  39          
  40          void main()
  41          {
  42   1      
  43   1      UART_Init();
  44   1      LCD_Init();
  45   1      LCD_Write_String(0,0,"MindReader_2");
  46   1      LCD_Show_Cursor();
  47   1      Mind_Init();
  48   1      while(1)
  49   1      {
  50   2              Mind_Process();
  51   2              LCD_Write_HEX(0,1,Mind_DATA[1]);
  52   2              LCD_Write_HEX(2,1,Mind_DATA[2]);//poor of mind after 02
  53   2              
  54   2              LCD_Write_HEX(5,1,Mind_DATA[29]);
  55   2              LCD_Write_HEX(7,1,Mind_DATA[30]);  //after      04
C51 COMPILER V9.01   MAIN                                                                  08/01/2012 19:16:59 PAGE 2   

  56   2              
  57   2              LCD_Write_HEX(10,1,Mind_DATA[31]);  //after  05
  58   2              LCD_Write_HEX(12,1,Mind_DATA[32]);
  59   2      }
  60   1      
  61   1      }


MODULE INFORMATION:   STATIC OVERLAYABLE
   CODE SIZE        =    887    ----
   CONSTANT SIZE    =     13    ----
   XDATA SIZE       =   ----    ----
   PDATA SIZE       =   ----    ----
   DATA SIZE        =     53      41
   IDATA SIZE       =   ----    ----
   BIT SIZE         =   ----    ----
END OF MODULE INFORMATION.


C51 COMPILATION COMPLETE.  0 WARNING(S),  0 ERROR(S)
