生成启动时间为 2012/12/9 15:56:42。
     1>项目“C:\Users\jia biao\Desktop\course\人工智能导论\AI_project_2012\Connect4\Strategy\Strategy.vcxproj”在节点 2 上(build 个目标)。
     1>InitializeBuildStatus:
         正在创建“Release\Strategy.unsuccessfulbuild”，因为已指定“AlwaysCreate”。
       ClCompile:
         c:\Program Files\Microsoft Visual Studio 10.0\VC\bin\CL.exe /c /Zi /nologo /W3 /WX- /O2 /Oi /Oy- /GL /D WIN32 /D NDEBUG /D _CONSOLE /D _WINDLL /D _UNICODE /D UNICODE /Gm- /EHsc /MD /GS /Gy /fp:precise /Zc:wchar_t /Zc:forScope /Fo"Release\\" /Fd"Release\vc100.pdb" /Gd /TP /analyze- /errorReport:prompt Strategy.cpp
         Strategy.cpp
       Link:
         c:\Program Files\Microsoft Visual Studio 10.0\VC\bin\link.exe /ERRORREPORT:PROMPT /OUT:"C:\Users\jia biao\Desktop\course\人工智能导论\AI_project_2012\Connect4\Release\Strategy.dll" /INCREMENTAL:NO /NOLOGO kernel32.lib user32.lib gdi32.lib winspool.lib comdlg32.lib advapi32.lib shell32.lib ole32.lib oleaut32.lib uuid.lib odbc32.lib odbccp32.lib /MANIFEST /ManifestFile:"Release\Strategy.dll.intermediate.manifest" /MANIFESTUAC:"level='asInvoker' uiAccess='false'" /DEBUG /PDB:"C:\Users\jia biao\Desktop\course\人工智能导论\AI_project_2012\Connect4\Release\Strategy.pdb" /SUBSYSTEM:CONSOLE /OPT:REF /OPT:ICF /LTCG /TLBID:1 /DYNAMICBASE /NXCOMPAT /IMPLIB:"C:\Users\jia biao\Desktop\course\人工智能导论\AI_project_2012\Connect4\Release\Strategy.lib" /MACHINE:X86 /DLL Release\Judge.obj
         Release\Strategy.obj
            正在创建库 C:\Users\jia biao\Desktop\course\人工智能导论\AI_project_2012\Connect4\Release\Strategy.lib 和对象 C:\Users\jia biao\Desktop\course\人工智能导论\AI_project_2012\Connect4\Release\Strategy.exp
         正在生成代码
         已完成代码的生成
         Strategy.vcxproj -> C:\Users\jia biao\Desktop\course\人工智能导论\AI_project_2012\Connect4\Release\Strategy.dll
       Manifest:
         C:\Program Files\Microsoft SDKs\Windows\v7.0A\bin\mt.exe /nologo /verbose /outputresource:"C:\Users\jia biao\Desktop\course\人工智能导论\AI_project_2012\Connect4\Release\Strategy.dll;#2" /manifest Release\Strategy.dll.intermediate.manifest
       FinalizeBuildStatus:
         正在删除文件“Release\Strategy.unsuccessfulbuild”。
         正在对“Release\Strategy.lastbuildstate”执行 Touch 任务。
     1>已完成生成项目“C:\Users\jia biao\Desktop\course\人工智能导论\AI_project_2012\Connect4\Strategy\Strategy.vcxproj”(build 个目标)的操作。

生成成功。

已用时间 00:00:02.61
