C51 COMPILER V9.01   MAIN                                                                  07/04/2012 13:34:36 PAGE 1   


C51 COMPILER V9.01, COMPILATION OF MODULE MAIN
OBJECT MODULE PLACED IN main.OBJ
COMPILER INVOKED BY: C:\Keil\C51\BIN\C51.EXE main.c BROWSE DEBUG OBJECTEXTEND

line level    source

   1          #include"lcd1602.h"
   2          #include"remote.h"
   3          
   4          //relay 继电器模块，remote 接p33,两路分别接p10p11, 按1、2键打开两路开关，起始关断。
   5          sbit Relay_S1=P1^0;
   6          sbit Relay_S2=P1^1;
   7          
   8          void main()
   9          {
  10   1      LCD_Init();
  11   1      LCD_Write_String(0,0,"Relay");
  12   1      Remote_Init();
  13   1      Relay_S1=1;
  14   1      Relay_S2=1;
  15   1      while(1)
  16   1      {
  17   2      char k;
  18   2      if (Remote_FAG)
  19   2      {
  20   3              k=Remote_Key();
  21   3              LCD_Write_Char(12,0,k);
  22   3              if (Remote_Key()=='1')
  23   3                      Relay_S1=!Relay_S1;
  24   3              if (Remote_Key()=='2')
  25   3                      Relay_S2=!Relay_S2;     
  26   3              Remote_FAG=0;
  27   3      }
  28   2      
  29   2      }
  30   1      }


MODULE INFORMATION:   STATIC OVERLAYABLE
   CODE SIZE        =    691    ----
   CONSTANT SIZE    =      6    ----
   XDATA SIZE       =   ----    ----
   PDATA SIZE       =   ----    ----
   DATA SIZE        =     36      19
   IDATA SIZE       =   ----    ----
   BIT SIZE         =      1    ----
END OF MODULE INFORMATION.


C51 COMPILATION COMPLETE.  0 WARNING(S),  0 ERROR(S)
